java.lang.RuntimeException: Bloop BSP connection in C:\Users\Imp_06 - Install\AppData\Local\ScalaCli\cache\bsp-sockets\proc-1484 was unexpectedly closed or bloop didn't start.
  scala.sys.package$.error(package.scala:27)
  bloop.rifle.internal.Operations$$anon$1.openSocket(Operations.scala:422)
  bloop.rifle.BloopServer$.create$1(BloopServer.scala:128)
  bloop.rifle.BloopServer$.connect(BloopServer.scala:144)
  bloop.rifle.BloopServer$.bsp(BloopServer.scala:167)
  bloop.rifle.BloopServer$.buildServer(BloopServer.scala:186)
  scala.build.compiler.BloopCompilerMaker.$anonfun$1(BloopCompilerMaker.scala:48)
  scala.build.compiler.BloopCompiler.<init>(BloopCompiler.scala:15)
  scala.build.compiler.BloopCompilerMaker.$anonfun$2(BloopCompilerMaker.scala:51)
  scala.util.Try$.apply(Try.scala:217)
  scala.build.compiler.BloopCompilerMaker.create(BloopCompilerMaker.scala:51)
  scala.build.compiler.ScalaCompilerMaker.withCompiler(ScalaCompilerMaker.scala:34)
  scala.build.compiler.ScalaCompilerMaker.withCompiler$(ScalaCompilerMaker.scala:9)
  scala.build.compiler.BloopCompilerMaker.withCompiler(BloopCompilerMaker.scala:14)
  scala.build.Build$.build$$anonfun$3(Build.scala:611)
  scala.build.EitherCps$Helper.apply(EitherCps.scala:19)
  scala.build.Build$.build(Build.scala:596)
  scala.cli.commands.run.Run$.runCommand(Run.scala:334)
  scala.cli.commands.default.Default.runCommand(Default.scala:69)
  scala.cli.commands.default.Default.runCommand(Default.scala:40)
  scala.cli.commands.ScalaCommand.run(ScalaCommand.scala:390)
  scala.cli.commands.ScalaCommand.run(ScalaCommand.scala:371)
  caseapp.core.app.CaseApp.main(CaseApp.scala:166)
  scala.cli.commands.ScalaCommand.main(ScalaCommand.scala:356)
  caseapp.core.app.CommandsEntryPoint.main(CommandsEntryPoint.scala:370)
  scala.cli.ScalaCliCommands.main(ScalaCliCommands.scala:125)
  scala.cli.ScalaCli$.main0(ScalaCli.scala:320)
  scala.cli.ScalaCli$.main(ScalaCli.scala:124)
  scala.cli.ScalaCli.main(ScalaCli.scala)
